<?xml version="1.0" encoding="UTF-8"?>
<!-- Generated by org.testng.reporters.JUnitReportReporter -->
<testsuite hostname="Admin" failures="0" tests="1" name="demo.testcase.OpenPage" time="0.209" errors="0" timestamp="2022-07-03T20:19:32 ICT" skipped="0">
  <testcase classname="demo.testcase.OpenPage" name="verifyOpenPage" time="0.209"/>
  <system-out/>
</testsuite> <!-- demo.testcase.OpenPage -->
