<?xml version="1.0" encoding="UTF-8"?>
<!-- Generated by org.testng.reporters.JUnitReportReporter -->
<testsuite hostname="Admin" failures="0" tests="1" name="demo.testcase.SearchExpression" time="6.057" errors="0" timestamp="2022-07-03T20:19:32 ICT" skipped="0">
  <testcase classname="demo.testcase.SearchExpression" name="searchExpression" time="6.057"/>
  <system-out/>
</testsuite> <!-- demo.testcase.SearchExpression -->
